Build started 6/10/2016 5:54:19 PM.
     1>Project "C:\Users\YEI\Desktop\PrioVRNew\API_SDK\visual_studio\Prio_API\Prio_Base\Prio_Base.vcxproj" on node 2 (Build target(s)).
     1>ClCompile:
         C:\Program Files (x86)\Microsoft Visual Studio 12.0\VC\bin\x86_amd64\CL.exe /c /IC:\Users\YEI\Desktop\PrioVRNew\API_SDK\Utils /IC:\Users\YEI\Desktop\PrioVRNew\API_SDK\Utils\Serial\include /IC:\Users\YEI\Desktop\PrioVRNew\API_SDK\Utils\YEI\include /IC:\Users\YEI\Desktop\PrioVRNew\API_SDK\Prio_API\include /IC:\Users\YEI\Desktop\PrioVRNew\API_SDK\Skeleton_API\include /Zi /nologo /W3 /WX- /sdl /Od /D _WINDLL /D _UNICODE /D UNICODE /Gm /EHsc /RTC1 /MDd /GS /fp:precise /Zc:wchar_t /Zc:forScope /Fo"bin\x64\Debug\\" /Fd"bin\x64\Debug\vc120.pdb" /Gd /TP /errorReport:prompt ..\..\..\Prio_API\src\prio_basestation.cpp
         prio_basestation.cpp
       Link:
         C:\Program Files (x86)\Microsoft Visual Studio 12.0\VC\bin\x86_amd64\link.exe /ERRORREPORT:PROMPT /OUT:"..\..\bin\x64\Debug\Prio_API_64.dll" /INCREMENTAL /NOLOGO setupapi.lib bthprops.lib kernel32.lib user32.lib gdi32.lib winspool.lib comdlg32.lib advapi32.lib shell32.lib ole32.lib oleaut32.lib uuid.lib odbc32.lib odbccp32.lib /MANIFEST /MANIFESTUAC:"level='asInvoker' uiAccess='false'" /manifest:embed /DEBUG /PDB:"..\..\bin\x64\Debug\Prio_API_64.pdb" /TLBID:1 /DYNAMICBASE /NXCOMPAT /IMPLIB:"..\..\bin\x64\Debug\Prio_API_64.lib" /MACHINE:X64 /DLL bin\x64\Debug\prio_api.obj
         bin\x64\Debug\prio_api_export.obj
         bin\x64\Debug\prio_basestation.obj
         bin\x64\Debug\prio_device.obj
         bin\x64\Debug\prio_hub.obj
         bin\x64\Debug\win.obj
         bin\x64\Debug\unix.obj
         bin\x64\Debug\win.obj
         bin\x64\Debug\serial.obj
         bin\x64\Debug\serial_enumerator.obj
         bin\x64\Debug\serial_enumerator_linux.obj
         bin\x64\Debug\serial_enumerator_osx.obj
         bin\x64\Debug\serial_enumerator_win.obj
         bin\x64\Debug\yost_core_api.obj
         bin\x64\Debug\yost_math.obj
         Prio_Base.vcxproj -> C:\Users\YEI\Desktop\PrioVRNew\API_SDK\visual_studio\Prio_API\Prio_Base\..\..\bin\x64\Debug\Prio_API_64.dll
     1>Done Building Project "C:\Users\YEI\Desktop\PrioVRNew\API_SDK\visual_studio\Prio_API\Prio_Base\Prio_Base.vcxproj" (Build target(s)).

Build succeeded.

Time Elapsed 00:00:00.63
