c:\users\yei\desktop\priovrnew\api_sdk\visual_studio\prio_api\prio_base\bin\x64\release\vc120.pdb
c:\users\yei\desktop\priovrnew\api_sdk\visual_studio\prio_api\prio_base\bin\x64\release\yost_math.obj
c:\users\yei\desktop\priovrnew\api_sdk\visual_studio\prio_api\prio_base\bin\x64\release\yost_core_api.obj
c:\users\yei\desktop\priovrnew\api_sdk\visual_studio\prio_api\prio_base\bin\x64\release\serial_enumerator_win.obj
c:\users\yei\desktop\priovrnew\api_sdk\visual_studio\prio_api\prio_base\bin\x64\release\serial_enumerator_osx.obj
c:\users\yei\desktop\priovrnew\api_sdk\visual_studio\prio_api\prio_base\bin\x64\release\serial_enumerator_linux.obj
c:\users\yei\desktop\priovrnew\api_sdk\visual_studio\prio_api\prio_base\bin\x64\release\serial_enumerator.obj
c:\users\yei\desktop\priovrnew\api_sdk\visual_studio\prio_api\prio_base\bin\x64\release\serial.obj
c:\users\yei\desktop\priovrnew\api_sdk\visual_studio\prio_api\prio_base\bin\x64\release\win.obj
c:\users\yei\desktop\priovrnew\api_sdk\visual_studio\prio_api\prio_base\bin\x64\release\unix.obj
c:\users\yei\desktop\priovrnew\api_sdk\visual_studio\prio_api\prio_base\bin\x64\release\prio_hub.obj
c:\users\yei\desktop\priovrnew\api_sdk\visual_studio\prio_api\prio_base\bin\x64\release\prio_device.obj
c:\users\yei\desktop\priovrnew\api_sdk\visual_studio\prio_api\prio_base\bin\x64\release\prio_basestation.obj
c:\users\yei\desktop\priovrnew\api_sdk\visual_studio\prio_api\prio_base\bin\x64\release\prio_api_export.obj
c:\users\yei\desktop\priovrnew\api_sdk\visual_studio\prio_api\prio_base\bin\x64\release\prio_api.obj
c:\users\yei\desktop\priovrnew\api_sdk\visual_studio\bin\x64\release\prio_api_64.dll
c:\users\yei\desktop\priovrnew\api_sdk\visual_studio\bin\x64\release\prio_api_64.pdb
c:\users\yei\desktop\priovrnew\api_sdk\visual_studio\bin\x64\release\prio_api_64.lib
c:\users\yei\desktop\priovrnew\api_sdk\visual_studio\bin\x64\release\prio_api_64.exp
c:\users\yei\desktop\priovrnew\api_sdk\visual_studio\prio_api\prio_base\..\..\bin\x64\release\prio_api_64.dll
c:\users\yei\desktop\priovrnew\api_sdk\visual_studio\prio_api\prio_base\bin\x64\release\prio_base.tlog\cl.command.1.tlog
c:\users\yei\desktop\priovrnew\api_sdk\visual_studio\prio_api\prio_base\bin\x64\release\prio_base.tlog\cl.read.1.tlog
c:\users\yei\desktop\priovrnew\api_sdk\visual_studio\prio_api\prio_base\bin\x64\release\prio_base.tlog\cl.write.1.tlog
c:\users\yei\desktop\priovrnew\api_sdk\visual_studio\prio_api\prio_base\bin\x64\release\prio_base.tlog\link.command.1.tlog
c:\users\yei\desktop\priovrnew\api_sdk\visual_studio\prio_api\prio_base\bin\x64\release\prio_base.tlog\link.read.1.tlog
c:\users\yei\desktop\priovrnew\api_sdk\visual_studio\prio_api\prio_base\bin\x64\release\prio_base.tlog\link.write.1.tlog
c:\users\yei\desktop\priovrnew\api_sdk\visual_studio\prio_api\prio_base\bin\x64\release\prio_base.tlog\prio_base.write.1u.tlog
